<?xml version="1.0" encoding="UTF-8"?>
<testng-results skipped="0" failed="0" total="1" passed="1">
  <reporter-output>
  </reporter-output>
  <suite name="Suite" duration-ms="49" started-at="2021-02-10T09:04:11Z" finished-at="2021-02-10T09:04:11Z">
    <groups>
    </groups>
    <test name="Test" duration-ms="49" started-at="2021-02-10T09:04:11Z" finished-at="2021-02-10T09:04:11Z">
      <class name="com.test.testcode.TestOne">
        <test-method status="PASS" signature="test()[pri:0, instance:com.test.testcode.TestOne@4590c9c3]" name="test" duration-ms="18" started-at="2021-02-10T14:34:11Z" finished-at="2021-02-10T14:34:11Z">
          <reporter-output>
          </reporter-output>
        </test-method> <!-- test -->
      </class> <!-- com.test.testcode.TestOne -->
    </test> <!-- Test -->
  </suite> <!-- Suite -->
</testng-results>
